<?xml version="1.0" encoding="UTF-8"?>
<!-- Generated by org.testng.reporters.JUnitXMLReporter -->
<testsuite hostname="Dokonaly-PC" name="Default test" tests="4" failures="0" timestamp="23 Nov 2014 10:44:12 GMT" time="0.359" errors="0">
  <testcase name="TestParsovaniaBook" time="0.172" classname="Unit_tests.Test_parsing_infoboxes_from_input_to_objects"/>
  <testcase name="TestParsovaniaCountry" time="0.094" classname="Unit_tests.Test_parsing_infoboxes_from_input_to_objects"/>
  <testcase name="TestParsovaniaPerson" time="0.031" classname="Unit_tests.Test_parsing_infoboxes_from_input_to_objects"/>
  <testcase name="TestParsovaniaSettlement" time="0.047" classname="Unit_tests.Test_parsing_infoboxes_from_input_to_objects"/>
</testsuite> <!-- Default test -->
