<?xml version="1.0" encoding="UTF-8"?>
<!-- Generated by org.testng.reporters.JUnitXMLReporter -->
<testsuite hostname="Dokonaly-PC" name="Default test" tests="4" failures="0" timestamp="17 Oct 2014 17:16:48 GMT" time="0.902" errors="0">
  <testcase name="TestParsovaniaBook" time="0.605" classname="Tests.NewTest"/>
  <testcase name="TestParsovaniaCountry" time="0.082" classname="Tests.NewTest"/>
  <testcase name="TestParsovaniaPerson" time="0.092" classname="Tests.NewTest"/>
  <testcase name="TestParsovaniaSettlement" time="0.059" classname="Tests.NewTest"/>
</testsuite> <!-- Default test -->
