<?xml version="1.0" encoding="UTF-8"?>
<testng-results skipped="0" failed="0" total="4" passed="4">
  <reporter-output>
  </reporter-output>
  <suite name="Default suite" duration-ms="902" started-at="2014-10-17T17:16:47Z" finished-at="2014-10-17T17:16:48Z">
    <groups>
    </groups>
    <test name="Default test" duration-ms="902" started-at="2014-10-17T17:16:47Z" finished-at="2014-10-17T17:16:48Z">
      <class name="Tests.NewTest">
        <test-method status="PASS" signature="TestParsovaniaBook()[pri:0, instance:Tests.NewTest@5d52a1b7]" name="TestParsovaniaBook" duration-ms="605" started-at="2014-10-17T19:16:47Z" finished-at="2014-10-17T19:16:48Z">
          <reporter-output>
          </reporter-output>
        </test-method> <!-- TestParsovaniaBook -->
        <test-method status="PASS" signature="TestParsovaniaCountry()[pri:0, instance:Tests.NewTest@5d52a1b7]" name="TestParsovaniaCountry" duration-ms="82" started-at="2014-10-17T19:16:48Z" finished-at="2014-10-17T19:16:48Z">
          <reporter-output>
          </reporter-output>
        </test-method> <!-- TestParsovaniaCountry -->
        <test-method status="PASS" signature="TestParsovaniaPerson()[pri:0, instance:Tests.NewTest@5d52a1b7]" name="TestParsovaniaPerson" duration-ms="92" started-at="2014-10-17T19:16:48Z" finished-at="2014-10-17T19:16:48Z">
          <reporter-output>
          </reporter-output>
        </test-method> <!-- TestParsovaniaPerson -->
        <test-method status="PASS" signature="TestParsovaniaSettlement()[pri:0, instance:Tests.NewTest@5d52a1b7]" name="TestParsovaniaSettlement" duration-ms="59" started-at="2014-10-17T19:16:48Z" finished-at="2014-10-17T19:16:48Z">
          <reporter-output>
          </reporter-output>
        </test-method> <!-- TestParsovaniaSettlement -->
      </class> <!-- Tests.NewTest -->
    </test> <!-- Default test -->
  </suite> <!-- Default suite -->
</testng-results>
